Using pre-set license
Built from '2020.3/staging' branch; Version is '2020.3.16f1 (049d6eca3c44) revision 302446'; Using compiler version '192528614'; Build Type 'Release'
OS: 'Windows 10 Pro; OS build 19043.1348; Version 2009; 64bit' Language: 'es' Physical Memory: 8098 MB
BatchMode: 1, IsHumanControllingUs: 0, StartBugReporterOnCrash: 0, Is64bit: 1, IsPro: 0

 COMMAND LINE ARGUMENTS:
C:\Users\lenovo\Desktop\Proyecto Program. A\Proyectos\PPA-El-18-main\2020.3.16f1\Editor\Unity.exe
-adb2
-batchMode
-noUpm
-name
AssetImportWorker4
-projectPath
C:/Users/lenovo/Desktop/Proyecto Program. A/Proyectosss/Taller3/Taller3-Proyecto/Taller3
-logFile
Logs/AssetImportWorker4.log
-srvPort
55757
Successfully changed project path to: C:/Users/lenovo/Desktop/Proyecto Program. A/Proyectosss/Taller3/Taller3-Proyecto/Taller3
C:/Users/lenovo/Desktop/Proyecto Program. A/Proyectosss/Taller3/Taller3-Proyecto/Taller3
Using Asset Import Pipeline V2.
Refreshing native plugins compatible for Editor in 43.04 ms, found 2 plugins.
Preloading 0 native plugins for Editor in 0.00 ms.
Initialize engine version: 2020.3.16f1 (049d6eca3c44)
[Subsystems] Discovering subsystems at path C:/Users/lenovo/Desktop/Proyecto Program. A/Proyectos/PPA-El-18-main/2020.3.16f1/Editor/Data/Resources/UnitySubsystems
[Subsystems] Discovering subsystems at path C:/Users/lenovo/Desktop/Proyecto Program. A/Proyectosss/Taller3/Taller3-Proyecto/Taller3/Assets
GfxDevice: creating device client; threaded=0
Direct3D:
    Version:  Direct3D 11.0 [level 11.1]
    Renderer: Intel(R) HD Graphics 530 (ID=0x1912)
    Vendor:   
    VRAM:     4049 MB
    Driver:   27.20.100.8681
Initialize mono
Mono path[0] = 'C:/Users/lenovo/Desktop/Proyecto Program. A/Proyectos/PPA-El-18-main/2020.3.16f1/Editor/Data/Managed'
Mono path[1] = 'C:/Users/lenovo/Desktop/Proyecto Program. A/Proyectos/PPA-El-18-main/2020.3.16f1/Editor/Data/MonoBleedingEdge/lib/mono/unityjit'
Mono config path = 'C:/Users/lenovo/Desktop/Proyecto Program. A/Proyectos/PPA-El-18-main/2020.3.16f1/Editor/Data/MonoBleedingEdge/etc'
Using monoOptions --debugger-agent=transport=dt_socket,embedding=1,server=y,suspend=n,address=127.0.0.1:56828
Begin MonoManager ReloadAssembly
Registering precompiled unity dll's ...
Register platform support module: C:/Users/lenovo/Desktop/Proyecto Program. A/Proyectos/PPA-El-18-main/2020.3.16f1/Editor/Data/PlaybackEngines/WindowsStandaloneSupport/UnityEditor.WindowsStandalone.Extensions.dll
Registered in 0.002190 seconds.
Native extension for WindowsStandalone target not found
Refreshing native plugins compatible for Editor in 38.09 ms, found 2 plugins.
Preloading 0 native plugins for Editor in 0.00 ms.
Mono: successfully reloaded assembly
- Completed reload, in  2.377 seconds
Domain Reload Profiling:
	ReloadAssembly (2377ms)
		BeginReloadAssembly (59ms)
			ExecutionOrderSort (0ms)
			DisableScriptedObjects (0ms)
			BackupInstance (0ms)
			ReleaseScriptingObjects (0ms)
			CreateAndSetChildDomain (1ms)
		EndReloadAssembly (419ms)
			LoadAssemblies (57ms)
			RebuildTransferFunctionScriptingTraits (0ms)
			SetupTypeCache (153ms)
			ReleaseScriptCaches (0ms)
			RebuildScriptCaches (31ms)
			SetupLoadedEditorAssemblies (163ms)
				LogAssemblyErrors (0ms)
				InitializePlatformSupportModulesInManaged (4ms)
				SetLoadedEditorAssemblies (0ms)
				RefreshPlugins (38ms)
				BeforeProcessingInitializeOnLoad (12ms)
				ProcessInitializeOnLoadAttributes (80ms)
				ProcessInitializeOnLoadMethodAttributes (28ms)
				AfterProcessingInitializeOnLoad (0ms)
				EditorAssembliesLoaded (0ms)
			ExecutionOrderSort2 (0ms)
			AwakeInstancesAfterBackupRestoration (0ms)
Platform modules already initialized, skipping
Registering precompiled user dll's ...
Registered in 0.004514 seconds.
Begin MonoManager ReloadAssembly
Native extension for WindowsStandalone target not found
Refreshing native plugins compatible for Editor in 37.91 ms, found 2 plugins.
Preloading 0 native plugins for Editor in 0.00 ms.
Mono: successfully reloaded assembly
- Completed reload, in  1.413 seconds
Domain Reload Profiling:
	ReloadAssembly (1457ms)
		BeginReloadAssembly (146ms)
			ExecutionOrderSort (0ms)
			DisableScriptedObjects (4ms)
			BackupInstance (0ms)
			ReleaseScriptingObjects (0ms)
			CreateAndSetChildDomain (21ms)
		EndReloadAssembly (1247ms)
			LoadAssemblies (89ms)
			RebuildTransferFunctionScriptingTraits (0ms)
			SetupTypeCache (280ms)
			ReleaseScriptCaches (1ms)
			RebuildScriptCaches (45ms)
			SetupLoadedEditorAssemblies (652ms)
				LogAssemblyErrors (0ms)
				InitializePlatformSupportModulesInManaged (4ms)
				SetLoadedEditorAssemblies (0ms)
				RefreshPlugins (38ms)
				BeforeProcessingInitializeOnLoad (88ms)
				ProcessInitializeOnLoadAttributes (511ms)
				ProcessInitializeOnLoadMethodAttributes (4ms)
				AfterProcessingInitializeOnLoad (7ms)
				EditorAssembliesLoaded (0ms)
			ExecutionOrderSort2 (0ms)
			AwakeInstancesAfterBackupRestoration (9ms)
Platform modules already initialized, skipping
========================================================================
Worker process is ready to serve import requests
Launched and connected shader compiler UnityShaderCompiler.exe after 0.26 seconds
Refreshing native plugins compatible for Editor in 0.54 ms, found 2 plugins.
Preloading 0 native plugins for Editor in 0.00 ms.
Unloading 1826 Unused Serialized files (Serialized files now loaded: 0)
System memory in use before: 79.7 MB.
System memory in use after: 79.7 MB.

Unloading 20 unused Assets to reduce memory usage. Loaded Objects now: 2259.
Total: 3.573000 ms (FindLiveObjects: 0.171900 ms CreateObjectMapping: 0.058800 ms MarkObjects: 3.215300 ms  DeleteObjects: 0.125900 ms)

AssetImportParameters requested are different than current active one (requested -> active):
  custom:framework-win-MediaFoundation: 216162199b28c13a410421893ffa2e32 -> 
  custom:video-decoder-ogg-theora: a1e56fd34408186e4bbccfd4996cb3dc -> 
  custom:container-muxer-webm: aa71ff27fc2769a1b78a27578f13a17b -> 
  custom:container-demuxer-webm: 4f35f7cbe854078d1ac9338744f61a02 -> 
  custom:container-demuxer-ogg: 62fdf1f143b41e24485cea50d1cbac27 -> 
  custom:video-encoder-webm-vp8: eb34c28f22e8b96e1ab97ce403110664 -> 
  custom:video-decoder-webm-vp8: 9c59270c3fd7afecdb556c50c9e8de78 -> 
  custom:audio-decoder-ogg-vorbis: bf7c407c2cedff20999df2af8eb42d56 -> 
  custom:audio-encoder-webm-vorbis: bf7c407c2cedff20999df2af8eb42d56 -> 
========================================================================
Received Import Request.
  path: Assets/Ayudantia/Iconos/sheet_white1x.png
  artifactKey: Guid(cd38a770421c6fe4fa64856a7548a12c) Importer(815301076,1909f56bfc062723c751e8b465ee728b)
Start importing Assets/Ayudantia/Iconos/sheet_white1x.png using Guid(cd38a770421c6fe4fa64856a7548a12c) Importer(815301076,1909f56bfc062723c751e8b465ee728b)  -> (artifact id: '28f0f91020c8e8e69a03813013b51672') in 0.460360 seconds 
  Import took 0.485416 seconds .

========================================================================
Received Import Request.
  Time since last request: 289.212588 seconds.
  path: Assets/Ayudantia/Iconos/sheet_white2x.png
  artifactKey: Guid(c8c1558b154667a4c8d8b8439a2a45e3) Importer(815301076,1909f56bfc062723c751e8b465ee728b)
Start importing Assets/Ayudantia/Iconos/sheet_white2x.png using Guid(c8c1558b154667a4c8d8b8439a2a45e3) Importer(815301076,1909f56bfc062723c751e8b465ee728b)  -> (artifact id: '3b4820d6273bff082a5f5a6487a9032a') in 0.081889 seconds 
  Import took 0.107025 seconds .

========================================================================
Received Import Request.
  Time since last request: 129.676182 seconds.
  path: Assets/Ayudantia/Iconos/sheet_white1x.png
  artifactKey: Guid(cd38a770421c6fe4fa64856a7548a12c) Importer(815301076,1909f56bfc062723c751e8b465ee728b)
Start importing Assets/Ayudantia/Iconos/sheet_white1x.png using Guid(cd38a770421c6fe4fa64856a7548a12c) Importer(815301076,1909f56bfc062723c751e8b465ee728b)  -> (artifact id: '424553f8e4486cbc72d22ea21140e899') in 0.026919 seconds 
  Import took 0.058865 seconds .

========================================================================
Received Import Request.
  Time since last request: 141.719985 seconds.
  path: Assets/Ayudantia/Iconos/sheet_white1x.png
  artifactKey: Guid(cd38a770421c6fe4fa64856a7548a12c) Importer(815301076,1909f56bfc062723c751e8b465ee728b)
Start importing Assets/Ayudantia/Iconos/sheet_white1x.png using Guid(cd38a770421c6fe4fa64856a7548a12c) Importer(815301076,1909f56bfc062723c751e8b465ee728b)  -> (artifact id: 'f4edd0903bf8d9ac0128fecc90648962') in 0.035530 seconds 
  Import took 0.060111 seconds .

========================================================================
Received Prepare
Registering precompiled user dll's ...
Registered in 0.011275 seconds.
Begin MonoManager ReloadAssembly
Native extension for WindowsStandalone target not found
Refreshing native plugins compatible for Editor in 0.63 ms, found 3 plugins.
Preloading 0 native plugins for Editor in 0.00 ms.
Mono: successfully reloaded assembly
- Completed reload, in  1.539 seconds
Domain Reload Profiling:
	ReloadAssembly (1539ms)
		BeginReloadAssembly (112ms)
			ExecutionOrderSort (0ms)
			DisableScriptedObjects (5ms)
			BackupInstance (0ms)
			ReleaseScriptingObjects (0ms)
			CreateAndSetChildDomain (36ms)
		EndReloadAssembly (1359ms)
			LoadAssemblies (95ms)
			RebuildTransferFunctionScriptingTraits (0ms)
			SetupTypeCache (300ms)
			ReleaseScriptCaches (1ms)
			RebuildScriptCaches (38ms)
			SetupLoadedEditorAssemblies (813ms)
				LogAssemblyErrors (0ms)
				InitializePlatformSupportModulesInManaged (5ms)
				SetLoadedEditorAssemblies (0ms)
				RefreshPlugins (1ms)
				BeforeProcessingInitializeOnLoad (107ms)
				ProcessInitializeOnLoadAttributes (684ms)
				ProcessInitializeOnLoadMethodAttributes (8ms)
				AfterProcessingInitializeOnLoad (7ms)
				EditorAssembliesLoaded (0ms)
			ExecutionOrderSort2 (0ms)
			AwakeInstancesAfterBackupRestoration (9ms)
Platform modules already initialized, skipping
Switching build target platform(19) subTarget(0) extendedPlatform(0) -> platform(13) subTarget(589824) extendedPlatform(0)
Refreshing native plugins compatible for Editor in 0.68 ms, found 3 plugins.
Preloading 0 native plugins for Editor in 0.00 ms.
Unloading 2311 Unused Serialized files (Serialized files now loaded: 0)
System memory in use before: 100.6 MB.
System memory in use after: 100.7 MB.

Unloading 22 unused Assets to reduce memory usage. Loaded Objects now: 2755.
Total: 3.727900 ms (FindLiveObjects: 0.290600 ms CreateObjectMapping: 0.119400 ms MarkObjects: 3.171200 ms  DeleteObjects: 0.145700 ms)

AssetImportParameters requested are different than current active one (requested -> active):
  custom:framework-win-MediaFoundation: 216162199b28c13a410421893ffa2e32 -> 
  custom:video-decoder-ogg-theora: a1e56fd34408186e4bbccfd4996cb3dc -> 
  custom:container-muxer-webm: aa71ff27fc2769a1b78a27578f13a17b -> 
  custom:container-demuxer-webm: 4f35f7cbe854078d1ac9338744f61a02 -> 
  custom:container-demuxer-ogg: 62fdf1f143b41e24485cea50d1cbac27 -> 
  custom:video-encoder-webm-vp8: eb34c28f22e8b96e1ab97ce403110664 -> 
  custom:video-decoder-webm-vp8: 9c59270c3fd7afecdb556c50c9e8de78 -> 
  custom:graphics/normal-map-encoding: 01000000000000000000000000000000 -> 02000000000000000000000000000000
  custom:audio-decoder-ogg-vorbis: bf7c407c2cedff20999df2af8eb42d56 -> 
  custom:audio-encoder-webm-vorbis: bf7c407c2cedff20999df2af8eb42d56 -> 
========================================================================
Received Import Request.
  Time since last request: 224.782487 seconds.
  path: Assets/Ayudantia/Iconos/sheet_white1x.png
  artifactKey: Guid(cd38a770421c6fe4fa64856a7548a12c) Importer(815301076,1909f56bfc062723c751e8b465ee728b)
Start importing Assets/Ayudantia/Iconos/sheet_white1x.png using Guid(cd38a770421c6fe4fa64856a7548a12c) Importer(815301076,1909f56bfc062723c751e8b465ee728b)  -> (artifact id: '04b2281c716633fe8c949ce39f7cd8d4') in 0.793180 seconds 
  Import took 0.829987 seconds .

========================================================================
Received Import Request.
  Time since last request: 60.519401 seconds.
  path: Assets/Ayudantia/Iconos/sheet_white2x.png
  artifactKey: Guid(c8c1558b154667a4c8d8b8439a2a45e3) Importer(815301076,1909f56bfc062723c751e8b465ee728b)
Start importing Assets/Ayudantia/Iconos/sheet_white2x.png using Guid(c8c1558b154667a4c8d8b8439a2a45e3) Importer(815301076,1909f56bfc062723c751e8b465ee728b)  -> (artifact id: '9c869270ea1a611c8f4fa31aa36ca0a3') in 0.547951 seconds 
  Import took 0.554486 seconds .

========================================================================
Received Import Request.
  Time since last request: 181.932126 seconds.
  path: Assets/Ayudantia/Iconos/sheet_white2x.png
  artifactKey: Guid(c8c1558b154667a4c8d8b8439a2a45e3) Importer(815301076,1909f56bfc062723c751e8b465ee728b)
Start importing Assets/Ayudantia/Iconos/sheet_white2x.png using Guid(c8c1558b154667a4c8d8b8439a2a45e3) Importer(815301076,1909f56bfc062723c751e8b465ee728b)  -> (artifact id: '38ebd0c6f3c22591c15b8fcf7e9db02c') in 0.617373 seconds 
  Import took 0.628024 seconds .

========================================================================
Received Import Request.
  Time since last request: 48.576813 seconds.
  path: Assets/Ayudantia/Iconos/sheet_white2x.png
  artifactKey: Guid(c8c1558b154667a4c8d8b8439a2a45e3) Importer(815301076,1909f56bfc062723c751e8b465ee728b)
Start importing Assets/Ayudantia/Iconos/sheet_white2x.png using Guid(c8c1558b154667a4c8d8b8439a2a45e3) Importer(815301076,1909f56bfc062723c751e8b465ee728b)  -> (artifact id: '78653a4bd9727c2ba0ab2b62da387df8') in 0.632849 seconds 
  Import took 0.639645 seconds .

========================================================================
Received Import Request.
  Time since last request: 111.743290 seconds.
  path: Assets/Ayudantia/Iconos/sheet_white2x.png
  artifactKey: Guid(c8c1558b154667a4c8d8b8439a2a45e3) Importer(815301076,1909f56bfc062723c751e8b465ee728b)
Start importing Assets/Ayudantia/Iconos/sheet_white2x.png using Guid(c8c1558b154667a4c8d8b8439a2a45e3) Importer(815301076,1909f56bfc062723c751e8b465ee728b)  -> (artifact id: 'fe0d3b934c2c4c63867ddc0982923ed7') in 4.295465 seconds 
  Import took 4.308858 seconds .

========================================================================
Received Import Request.
  Time since last request: 104.050819 seconds.
  path: Assets/Ayudantia/Iconos/sheet_white2x.png
  artifactKey: Guid(c8c1558b154667a4c8d8b8439a2a45e3) Importer(815301076,1909f56bfc062723c751e8b465ee728b)
Start importing Assets/Ayudantia/Iconos/sheet_white2x.png using Guid(c8c1558b154667a4c8d8b8439a2a45e3) Importer(815301076,1909f56bfc062723c751e8b465ee728b)  -> (artifact id: 'df368685a2ecfe9a0b249b3a3d421566') in 4.725836 seconds 
  Import took 4.738177 seconds .

========================================================================
Received Import Request.
  Time since last request: 14.431678 seconds.
  path: Assets/Ayudantia/Iconos/sheet_white2x.png
  artifactKey: Guid(c8c1558b154667a4c8d8b8439a2a45e3) Importer(815301076,1909f56bfc062723c751e8b465ee728b)
Start importing Assets/Ayudantia/Iconos/sheet_white2x.png using Guid(c8c1558b154667a4c8d8b8439a2a45e3) Importer(815301076,1909f56bfc062723c751e8b465ee728b)  -> (artifact id: 'f92dee73bb3d25ad880a8d90d0453e5b') in 0.186974 seconds 
  Import took 0.195208 seconds .

========================================================================
Received Import Request.
  Time since last request: 13.566591 seconds.
  path: Assets/Ayudantia/Iconos/sheet_white2x.png
  artifactKey: Guid(c8c1558b154667a4c8d8b8439a2a45e3) Importer(815301076,1909f56bfc062723c751e8b465ee728b)
Start importing Assets/Ayudantia/Iconos/sheet_white2x.png using Guid(c8c1558b154667a4c8d8b8439a2a45e3) Importer(815301076,1909f56bfc062723c751e8b465ee728b)  -> (artifact id: '02b3765e67108c59f1659acbdd791de4') in 0.079512 seconds 
  Import took 0.091616 seconds .

========================================================================
Received Import Request.
  Time since last request: 156.235865 seconds.
  path: Assets/Ayudantia/Iconos/sheet_white2x -.png
  artifactKey: Guid(52e261b05e6622241a6ac14c9b0cda81) Importer(815301076,1909f56bfc062723c751e8b465ee728b)
Start importing Assets/Ayudantia/Iconos/sheet_white2x -.png using Guid(52e261b05e6622241a6ac14c9b0cda81) Importer(815301076,1909f56bfc062723c751e8b465ee728b)  -> (artifact id: '3405d65a48044054fc8f857dce65268c') in 0.072753 seconds 
  Import took 0.083657 seconds .

========================================================================
Received Import Request.
  Time since last request: 12.303576 seconds.
  path: Assets/Ayudantia/Iconos/sheet_white2x -.png
  artifactKey: Guid(52e261b05e6622241a6ac14c9b0cda81) Importer(815301076,1909f56bfc062723c751e8b465ee728b)
Start importing Assets/Ayudantia/Iconos/sheet_white2x -.png using Guid(52e261b05e6622241a6ac14c9b0cda81) Importer(815301076,1909f56bfc062723c751e8b465ee728b)  -> (artifact id: '6a7534af2e9f2ce6d38eb621e5a3927e') in 0.070409 seconds 
  Import took 0.081321 seconds .

========================================================================
Received Import Request.
  Time since last request: 306.994451 seconds.
  path: Assets/Ayudantia/Iconos/sheet_white2x -.png
  artifactKey: Guid(52e261b05e6622241a6ac14c9b0cda81) Importer(815301076,1909f56bfc062723c751e8b465ee728b)
Start importing Assets/Ayudantia/Iconos/sheet_white2x -.png using Guid(52e261b05e6622241a6ac14c9b0cda81) Importer(815301076,1909f56bfc062723c751e8b465ee728b)  -> (artifact id: '394a0f91cbd3dc3116ecc71bb3e27d29') in 0.423326 seconds 
  Import took 0.432261 seconds .

========================================================================
Received Prepare
Refreshing native plugins compatible for Editor in 1427.38 ms, found 3 plugins.
Preloading 0 native plugins for Editor in 0.00 ms.
Unloading 19 Unused Serialized files (Serialized files now loaded: 0)
System memory in use before: 59.2 MB.
System memory in use after: 59.3 MB.

Unloading 18 unused Assets to reduce memory usage. Loaded Objects now: 3106.
Total: 5.927700 ms (FindLiveObjects: 0.578300 ms CreateObjectMapping: 0.335400 ms MarkObjects: 4.860800 ms  DeleteObjects: 0.151800 ms)

AssetImportParameters requested are different than current active one (requested -> active):
  custom:framework-win-MediaFoundation: 216162199b28c13a410421893ffa2e32 -> 
  custom:video-decoder-ogg-theora: a1e56fd34408186e4bbccfd4996cb3dc -> 
  custom:container-muxer-webm: aa71ff27fc2769a1b78a27578f13a17b -> 
  custom:container-demuxer-webm: 4f35f7cbe854078d1ac9338744f61a02 -> 
  custom:container-demuxer-ogg: 62fdf1f143b41e24485cea50d1cbac27 -> 
  custom:video-encoder-webm-vp8: eb34c28f22e8b96e1ab97ce403110664 -> 
  custom:video-decoder-webm-vp8: 9c59270c3fd7afecdb556c50c9e8de78 -> 
  custom:audio-decoder-ogg-vorbis: bf7c407c2cedff20999df2af8eb42d56 -> 
  custom:audio-encoder-webm-vorbis: bf7c407c2cedff20999df2af8eb42d56 -> 
========================================================================
Received Import Request.
  Time since last request: 2063.041508 seconds.
  path: Assets/Script/New Folder
  artifactKey: Guid(2fa00ea15d7523c42b1198f7d610fdae) Importer(815301076,1909f56bfc062723c751e8b465ee728b)
Start importing Assets/Script/New Folder using Guid(2fa00ea15d7523c42b1198f7d610fdae) Importer(815301076,1909f56bfc062723c751e8b465ee728b)  -> (artifact id: '57a888d67d296f60c6a373d9cc1dcc97') in 0.015672 seconds 
  Import took 0.070500 seconds .

========================================================================
Received Import Request.
  Time since last request: 20.779670 seconds.
  path: Assets/Script/ScalasXY.cs
  artifactKey: Guid(ba6265477dfdb1542a3814f67f8f75d4) Importer(815301076,1909f56bfc062723c751e8b465ee728b)
Start importing Assets/Script/ScalasXY.cs using Guid(ba6265477dfdb1542a3814f67f8f75d4) Importer(815301076,1909f56bfc062723c751e8b465ee728b)  -> (artifact id: '7ffe5c6ef4553458ccee049aa75077ff') in 0.702394 seconds 
  Import took 0.759414 seconds .

========================================================================
Received Prepare
Registering precompiled user dll's ...
Registered in 0.099299 seconds.
Begin MonoManager ReloadAssembly
Native extension for WindowsStandalone target not found
Refreshing native plugins compatible for Editor in 0.65 ms, found 3 plugins.
Preloading 0 native plugins for Editor in 0.00 ms.
Mono: successfully reloaded assembly
- Completed reload, in  3.203 seconds
Domain Reload Profiling:
	ReloadAssembly (3281ms)
		BeginReloadAssembly (1929ms)
			ExecutionOrderSort (0ms)
			DisableScriptedObjects (593ms)
			BackupInstance (0ms)
			ReleaseScriptingObjects (0ms)
			CreateAndSetChildDomain (895ms)
		EndReloadAssembly (1165ms)
			LoadAssemblies (115ms)
			RebuildTransferFunctionScriptingTraits (0ms)
			SetupTypeCache (350ms)
			ReleaseScriptCaches (1ms)
			RebuildScriptCaches (42ms)
			SetupLoadedEditorAssemblies (487ms)
				LogAssemblyErrors (0ms)
				InitializePlatformSupportModulesInManaged (5ms)
				SetLoadedEditorAssemblies (1ms)
				RefreshPlugins (1ms)
				BeforeProcessingInitializeOnLoad (109ms)
				ProcessInitializeOnLoadAttributes (359ms)
				ProcessInitializeOnLoadMethodAttributes (5ms)
				AfterProcessingInitializeOnLoad (6ms)
				EditorAssembliesLoaded (0ms)
			ExecutionOrderSort2 (0ms)
			AwakeInstancesAfterBackupRestoration (10ms)
Platform modules already initialized, skipping
Switching build target platform(19) subTarget(0) extendedPlatform(0) -> platform(13) subTarget(589824) extendedPlatform(0)
Refreshing native plugins compatible for Editor in 0.66 ms, found 3 plugins.
Preloading 0 native plugins for Editor in 0.00 ms.
Unloading 2311 Unused Serialized files (Serialized files now loaded: 0)
System memory in use before: 105.0 MB.
System memory in use after: 105.1 MB.

Unloading 21 unused Assets to reduce memory usage. Loaded Objects now: 3110.
Total: 23.888200 ms (FindLiveObjects: 0.593800 ms CreateObjectMapping: 0.223400 ms MarkObjects: 4.644600 ms  DeleteObjects: 18.424900 ms)

AssetImportParameters requested are different than current active one (requested -> active):
  custom:framework-win-MediaFoundation: 216162199b28c13a410421893ffa2e32 -> 
  custom:video-decoder-ogg-theora: a1e56fd34408186e4bbccfd4996cb3dc -> 
  custom:container-muxer-webm: aa71ff27fc2769a1b78a27578f13a17b -> 
  custom:container-demuxer-webm: 4f35f7cbe854078d1ac9338744f61a02 -> 
  custom:container-demuxer-ogg: 62fdf1f143b41e24485cea50d1cbac27 -> 
  custom:video-encoder-webm-vp8: eb34c28f22e8b96e1ab97ce403110664 -> 
  custom:video-decoder-webm-vp8: 9c59270c3fd7afecdb556c50c9e8de78 -> 
  custom:graphics/normal-map-encoding: 01000000000000000000000000000000 -> 02000000000000000000000000000000
  custom:audio-decoder-ogg-vorbis: bf7c407c2cedff20999df2af8eb42d56 -> 
  custom:audio-encoder-webm-vorbis: bf7c407c2cedff20999df2af8eb42d56 -> 
========================================================================
Received Prepare
Registering precompiled user dll's ...
Registered in 0.005914 seconds.
Begin MonoManager ReloadAssembly
Native extension for WindowsStandalone target not found
Refreshing native plugins compatible for Editor in 0.55 ms, found 3 plugins.
Preloading 0 native plugins for Editor in 0.00 ms.
Mono: successfully reloaded assembly
- Completed reload, in  1.261 seconds
Domain Reload Profiling:
	ReloadAssembly (1261ms)
		BeginReloadAssembly (127ms)
			ExecutionOrderSort (0ms)
			DisableScriptedObjects (5ms)
			BackupInstance (0ms)
			ReleaseScriptingObjects (0ms)
			CreateAndSetChildDomain (49ms)
		EndReloadAssembly (1068ms)
			LoadAssemblies (130ms)
			RebuildTransferFunctionScriptingTraits (0ms)
			SetupTypeCache (314ms)
			ReleaseScriptCaches (1ms)
			RebuildScriptCaches (47ms)
			SetupLoadedEditorAssemblies (441ms)
				LogAssemblyErrors (0ms)
				InitializePlatformSupportModulesInManaged (5ms)
				SetLoadedEditorAssemblies (0ms)
				RefreshPlugins (1ms)
				BeforeProcessingInitializeOnLoad (111ms)
				ProcessInitializeOnLoadAttributes (311ms)
				ProcessInitializeOnLoadMethodAttributes (5ms)
				AfterProcessingInitializeOnLoad (8ms)
				EditorAssembliesLoaded (0ms)
			ExecutionOrderSort2 (0ms)
			AwakeInstancesAfterBackupRestoration (10ms)
Platform modules already initialized, skipping
Switching build target platform(19) subTarget(0) extendedPlatform(0) -> platform(13) subTarget(589824) extendedPlatform(0)
Refreshing native plugins compatible for Editor in 0.64 ms, found 3 plugins.
Preloading 0 native plugins for Editor in 0.00 ms.
Unloading 2311 Unused Serialized files (Serialized files now loaded: 0)
System memory in use before: 105.1 MB.
System memory in use after: 105.2 MB.

Unloading 21 unused Assets to reduce memory usage. Loaded Objects now: 3113.
Total: 4.017200 ms (FindLiveObjects: 0.466000 ms CreateObjectMapping: 0.105000 ms MarkObjects: 3.314900 ms  DeleteObjects: 0.130400 ms)

AssetImportParameters requested are different than current active one (requested -> active):
  custom:framework-win-MediaFoundation: 216162199b28c13a410421893ffa2e32 -> 
  custom:video-decoder-ogg-theora: a1e56fd34408186e4bbccfd4996cb3dc -> 
  custom:container-muxer-webm: aa71ff27fc2769a1b78a27578f13a17b -> 
  custom:container-demuxer-webm: 4f35f7cbe854078d1ac9338744f61a02 -> 
  custom:container-demuxer-ogg: 62fdf1f143b41e24485cea50d1cbac27 -> 
  custom:video-encoder-webm-vp8: eb34c28f22e8b96e1ab97ce403110664 -> 
  custom:video-decoder-webm-vp8: 9c59270c3fd7afecdb556c50c9e8de78 -> 
  custom:graphics/normal-map-encoding: 01000000000000000000000000000000 -> 02000000000000000000000000000000
  custom:audio-decoder-ogg-vorbis: bf7c407c2cedff20999df2af8eb42d56 -> 
  custom:audio-encoder-webm-vorbis: bf7c407c2cedff20999df2af8eb42d56 -> 
========================================================================
Received Import Request.
  Time since last request: 1028.381193 seconds.
  path: Assets/Script/ScalasXY.cs
  artifactKey: Guid(ba6265477dfdb1542a3814f67f8f75d4) Importer(815301076,1909f56bfc062723c751e8b465ee728b)
Start importing Assets/Script/ScalasXY.cs using Guid(ba6265477dfdb1542a3814f67f8f75d4) Importer(815301076,1909f56bfc062723c751e8b465ee728b)  -> (artifact id: '73232445c6202dbdbc121aed72f47740') in 0.013562 seconds 
  Import took 0.025078 seconds .

========================================================================
Received Import Request.
  Time since last request: 0.018521 seconds.
  path: Assets/Script/ScalasXY.cs
  artifactKey: Guid(ba6265477dfdb1542a3814f67f8f75d4) Importer(815301076,1909f56bfc062723c751e8b465ee728b)
Start importing Assets/Script/ScalasXY.cs using Guid(ba6265477dfdb1542a3814f67f8f75d4) Importer(815301076,1909f56bfc062723c751e8b465ee728b)  -> (artifact id: '73232445c6202dbdbc121aed72f47740') in 0.004734 seconds 
  Import took 0.011069 seconds .

========================================================================
Received Import Request.
  Time since last request: 68.155846 seconds.
  path: Assets/Script/RotacionXY.cs
  artifactKey: Guid(ba6265477dfdb1542a3814f67f8f75d4) Importer(815301076,1909f56bfc062723c751e8b465ee728b)
Start importing Assets/Script/RotacionXY.cs using Guid(ba6265477dfdb1542a3814f67f8f75d4) Importer(815301076,1909f56bfc062723c751e8b465ee728b)  -> (artifact id: '0b23b5fdaae9fcfdef6aee0896bb3019') in 0.016582 seconds 
  Import took 0.031684 seconds .

========================================================================
Received Prepare
Registering precompiled user dll's ...
Registered in 0.005011 seconds.
Begin MonoManager ReloadAssembly
Native extension for WindowsStandalone target not found
Refreshing native plugins compatible for Editor in 0.72 ms, found 3 plugins.
Preloading 0 native plugins for Editor in 0.00 ms.
Mono: successfully reloaded assembly
- Completed reload, in  1.219 seconds
Domain Reload Profiling:
	ReloadAssembly (1219ms)
		BeginReloadAssembly (143ms)
			ExecutionOrderSort (0ms)
			DisableScriptedObjects (5ms)
			BackupInstance (0ms)
			ReleaseScriptingObjects (0ms)
			CreateAndSetChildDomain (64ms)
		EndReloadAssembly (1005ms)
			LoadAssemblies (103ms)
			RebuildTransferFunctionScriptingTraits (0ms)
			SetupTypeCache (326ms)
			ReleaseScriptCaches (1ms)
			RebuildScriptCaches (41ms)
			SetupLoadedEditorAssemblies (396ms)
				LogAssemblyErrors (0ms)
				InitializePlatformSupportModulesInManaged (5ms)
				SetLoadedEditorAssemblies (0ms)
				RefreshPlugins (1ms)
				BeforeProcessingInitializeOnLoad (112ms)
				ProcessInitializeOnLoadAttributes (266ms)
				ProcessInitializeOnLoadMethodAttributes (5ms)
				AfterProcessingInitializeOnLoad (7ms)
				EditorAssembliesLoaded (0ms)
			ExecutionOrderSort2 (0ms)
			AwakeInstancesAfterBackupRestoration (9ms)
Platform modules already initialized, skipping
Switching build target platform(19) subTarget(0) extendedPlatform(0) -> platform(13) subTarget(589824) extendedPlatform(0)
Refreshing native plugins compatible for Editor in 0.66 ms, found 3 plugins.
Preloading 0 native plugins for Editor in 0.00 ms.
Unloading 2311 Unused Serialized files (Serialized files now loaded: 0)
System memory in use before: 105.1 MB.
System memory in use after: 105.2 MB.

Unloading 21 unused Assets to reduce memory usage. Loaded Objects now: 3116.
Total: 3.662900 ms (FindLiveObjects: 0.410700 ms CreateObjectMapping: 0.131400 ms MarkObjects: 2.986900 ms  DeleteObjects: 0.119600 ms)

AssetImportParameters requested are different than current active one (requested -> active):
  custom:framework-win-MediaFoundation: 216162199b28c13a410421893ffa2e32 -> 
  custom:video-decoder-ogg-theora: a1e56fd34408186e4bbccfd4996cb3dc -> 
  custom:container-muxer-webm: aa71ff27fc2769a1b78a27578f13a17b -> 
  custom:container-demuxer-webm: 4f35f7cbe854078d1ac9338744f61a02 -> 
  custom:container-demuxer-ogg: 62fdf1f143b41e24485cea50d1cbac27 -> 
  custom:video-encoder-webm-vp8: eb34c28f22e8b96e1ab97ce403110664 -> 
  custom:video-decoder-webm-vp8: 9c59270c3fd7afecdb556c50c9e8de78 -> 
  custom:graphics/normal-map-encoding: 01000000000000000000000000000000 -> 02000000000000000000000000000000
  custom:audio-decoder-ogg-vorbis: bf7c407c2cedff20999df2af8eb42d56 -> 
  custom:audio-encoder-webm-vorbis: bf7c407c2cedff20999df2af8eb42d56 -> 
========================================================================
Received Prepare
Registering precompiled user dll's ...
Registered in 0.005560 seconds.
Begin MonoManager ReloadAssembly
Native extension for WindowsStandalone target not found
Refreshing native plugins compatible for Editor in 0.65 ms, found 3 plugins.
Preloading 0 native plugins for Editor in 0.00 ms.
Mono: successfully reloaded assembly
- Completed reload, in  1.431 seconds
Domain Reload Profiling:
	ReloadAssembly (1431ms)
		BeginReloadAssembly (116ms)
			ExecutionOrderSort (0ms)
			DisableScriptedObjects (8ms)
			BackupInstance (0ms)
			ReleaseScriptingObjects (0ms)
			CreateAndSetChildDomain (35ms)
		EndReloadAssembly (1240ms)
			LoadAssemblies (104ms)
			RebuildTransferFunctionScriptingTraits (0ms)
			SetupTypeCache (370ms)
			ReleaseScriptCaches (1ms)
			RebuildScriptCaches (51ms)
			SetupLoadedEditorAssemblies (518ms)
				LogAssemblyErrors (0ms)
				InitializePlatformSupportModulesInManaged (5ms)
				SetLoadedEditorAssemblies (1ms)
				RefreshPlugins (1ms)
				BeforeProcessingInitializeOnLoad (114ms)
				ProcessInitializeOnLoadAttributes (386ms)
				ProcessInitializeOnLoadMethodAttributes (5ms)
				AfterProcessingInitializeOnLoad (8ms)
				EditorAssembliesLoaded (0ms)
			ExecutionOrderSort2 (0ms)
			AwakeInstancesAfterBackupRestoration (9ms)
Platform modules already initialized, skipping
Switching build target platform(19) subTarget(0) extendedPlatform(0) -> platform(13) subTarget(589824) extendedPlatform(0)
Refreshing native plugins compatible for Editor in 0.72 ms, found 3 plugins.
Preloading 0 native plugins for Editor in 0.00 ms.
Unloading 2311 Unused Serialized files (Serialized files now loaded: 0)
System memory in use before: 105.1 MB.
System memory in use after: 105.2 MB.

Unloading 21 unused Assets to reduce memory usage. Loaded Objects now: 3119.
Total: 3.696900 ms (FindLiveObjects: 0.308000 ms CreateObjectMapping: 0.126600 ms MarkObjects: 3.105900 ms  DeleteObjects: 0.155400 ms)

AssetImportParameters requested are different than current active one (requested -> active):
  custom:framework-win-MediaFoundation: 216162199b28c13a410421893ffa2e32 -> 
  custom:video-decoder-ogg-theora: a1e56fd34408186e4bbccfd4996cb3dc -> 
  custom:container-muxer-webm: aa71ff27fc2769a1b78a27578f13a17b -> 
  custom:container-demuxer-webm: 4f35f7cbe854078d1ac9338744f61a02 -> 
  custom:container-demuxer-ogg: 62fdf1f143b41e24485cea50d1cbac27 -> 
  custom:video-encoder-webm-vp8: eb34c28f22e8b96e1ab97ce403110664 -> 
  custom:video-decoder-webm-vp8: 9c59270c3fd7afecdb556c50c9e8de78 -> 
  custom:graphics/normal-map-encoding: 01000000000000000000000000000000 -> 02000000000000000000000000000000
  custom:audio-decoder-ogg-vorbis: bf7c407c2cedff20999df2af8eb42d56 -> 
  custom:audio-encoder-webm-vorbis: bf7c407c2cedff20999df2af8eb42d56 -> 
========================================================================
Received Import Request.
  Time since last request: 25.919291 seconds.
  path: Assets/Script/RotacionXY.cs
  artifactKey: Guid(ba6265477dfdb1542a3814f67f8f75d4) Importer(815301076,1909f56bfc062723c751e8b465ee728b)
Start importing Assets/Script/RotacionXY.cs using Guid(ba6265477dfdb1542a3814f67f8f75d4) Importer(815301076,1909f56bfc062723c751e8b465ee728b)  -> (artifact id: '7ae089c7fcfab6e9e2e4f73b572b7e6e') in 0.006492 seconds 
  Import took 0.057249 seconds .

========================================================================
Received Prepare
Registering precompiled user dll's ...
Registered in 0.006091 seconds.
Begin MonoManager ReloadAssembly
Native extension for WindowsStandalone target not found
Refreshing native plugins compatible for Editor in 0.69 ms, found 3 plugins.
Preloading 0 native plugins for Editor in 0.00 ms.
Mono: successfully reloaded assembly
- Completed reload, in  1.762 seconds
Domain Reload Profiling:
	ReloadAssembly (1763ms)
		BeginReloadAssembly (215ms)
			ExecutionOrderSort (0ms)
			DisableScriptedObjects (6ms)
			BackupInstance (0ms)
			ReleaseScriptingObjects (0ms)
			CreateAndSetChildDomain (36ms)
		EndReloadAssembly (1481ms)
			LoadAssemblies (123ms)
			RebuildTransferFunctionScriptingTraits (0ms)
			SetupTypeCache (443ms)
			ReleaseScriptCaches (1ms)
			RebuildScriptCaches (51ms)
			SetupLoadedEditorAssemblies (724ms)
				LogAssemblyErrors (0ms)
				InitializePlatformSupportModulesInManaged (7ms)
				SetLoadedEditorAssemblies (0ms)
				RefreshPlugins (1ms)
				BeforeProcessingInitializeOnLoad (119ms)
				ProcessInitializeOnLoadAttributes (578ms)
				ProcessInitializeOnLoadMethodAttributes (8ms)
				AfterProcessingInitializeOnLoad (11ms)
				EditorAssembliesLoaded (1ms)
			ExecutionOrderSort2 (0ms)
			AwakeInstancesAfterBackupRestoration (15ms)
Platform modules already initialized, skipping
Switching build target platform(19) subTarget(0) extendedPlatform(0) -> platform(13) subTarget(589824) extendedPlatform(0)
Refreshing native plugins compatible for Editor in 1.08 ms, found 3 plugins.
Preloading 0 native plugins for Editor in 0.00 ms.
Unloading 2311 Unused Serialized files (Serialized files now loaded: 0)
System memory in use before: 105.1 MB.
System memory in use after: 105.2 MB.

Unloading 21 unused Assets to reduce memory usage. Loaded Objects now: 3122.
Total: 4.490700 ms (FindLiveObjects: 0.402500 ms CreateObjectMapping: 0.111100 ms MarkObjects: 3.845800 ms  DeleteObjects: 0.126700 ms)

AssetImportParameters requested are different than current active one (requested -> active):
  custom:framework-win-MediaFoundation: 216162199b28c13a410421893ffa2e32 -> 
  custom:video-decoder-ogg-theora: a1e56fd34408186e4bbccfd4996cb3dc -> 
  custom:container-muxer-webm: aa71ff27fc2769a1b78a27578f13a17b -> 
  custom:container-demuxer-webm: 4f35f7cbe854078d1ac9338744f61a02 -> 
  custom:container-demuxer-ogg: 62fdf1f143b41e24485cea50d1cbac27 -> 
  custom:video-encoder-webm-vp8: eb34c28f22e8b96e1ab97ce403110664 -> 
  custom:video-decoder-webm-vp8: 9c59270c3fd7afecdb556c50c9e8de78 -> 
  custom:graphics/normal-map-encoding: 01000000000000000000000000000000 -> 02000000000000000000000000000000
  custom:audio-decoder-ogg-vorbis: bf7c407c2cedff20999df2af8eb42d56 -> 
  custom:audio-encoder-webm-vorbis: bf7c407c2cedff20999df2af8eb42d56 -> 
========================================================================
Received Prepare
Registering precompiled user dll's ...
Registered in 0.007106 seconds.
Begin MonoManager ReloadAssembly
Native extension for WindowsStandalone target not found
Refreshing native plugins compatible for Editor in 0.58 ms, found 3 plugins.
Preloading 0 native plugins for Editor in 0.00 ms.
Mono: successfully reloaded assembly
- Completed reload, in  1.277 seconds
Domain Reload Profiling:
	ReloadAssembly (1277ms)
		BeginReloadAssembly (132ms)
			ExecutionOrderSort (0ms)
			DisableScriptedObjects (6ms)
			BackupInstance (0ms)
			ReleaseScriptingObjects (0ms)
			CreateAndSetChildDomain (51ms)
		EndReloadAssembly (1047ms)
			LoadAssemblies (101ms)
			RebuildTransferFunctionScriptingTraits (0ms)
			SetupTypeCache (284ms)
			ReleaseScriptCaches (1ms)
			RebuildScriptCaches (43ms)
			SetupLoadedEditorAssemblies (466ms)
				LogAssemblyErrors (0ms)
				InitializePlatformSupportModulesInManaged (5ms)
				SetLoadedEditorAssemblies (0ms)
				RefreshPlugins (1ms)
				BeforeProcessingInitializeOnLoad (125ms)
				ProcessInitializeOnLoadAttributes (323ms)
				ProcessInitializeOnLoadMethodAttributes (4ms)
				AfterProcessingInitializeOnLoad (8ms)
				EditorAssembliesLoaded (0ms)
			ExecutionOrderSort2 (0ms)
			AwakeInstancesAfterBackupRestoration (10ms)
Platform modules already initialized, skipping
Switching build target platform(19) subTarget(0) extendedPlatform(0) -> platform(13) subTarget(589824) extendedPlatform(0)
Refreshing native plugins compatible for Editor in 0.96 ms, found 3 plugins.
Preloading 0 native plugins for Editor in 0.00 ms.
Unloading 2311 Unused Serialized files (Serialized files now loaded: 0)
System memory in use before: 105.1 MB.
System memory in use after: 105.3 MB.

Unloading 21 unused Assets to reduce memory usage. Loaded Objects now: 3125.
Total: 3.671300 ms (FindLiveObjects: 0.266200 ms CreateObjectMapping: 0.089600 ms MarkObjects: 3.165100 ms  DeleteObjects: 0.149000 ms)

AssetImportParameters requested are different than current active one (requested -> active):
  custom:framework-win-MediaFoundation: 216162199b28c13a410421893ffa2e32 -> 
  custom:video-decoder-ogg-theora: a1e56fd34408186e4bbccfd4996cb3dc -> 
  custom:container-muxer-webm: aa71ff27fc2769a1b78a27578f13a17b -> 
  custom:container-demuxer-webm: 4f35f7cbe854078d1ac9338744f61a02 -> 
  custom:container-demuxer-ogg: 62fdf1f143b41e24485cea50d1cbac27 -> 
  custom:video-encoder-webm-vp8: eb34c28f22e8b96e1ab97ce403110664 -> 
  custom:video-decoder-webm-vp8: 9c59270c3fd7afecdb556c50c9e8de78 -> 
  custom:graphics/normal-map-encoding: 01000000000000000000000000000000 -> 02000000000000000000000000000000
  custom:audio-decoder-ogg-vorbis: bf7c407c2cedff20999df2af8eb42d56 -> 
  custom:audio-encoder-webm-vorbis: bf7c407c2cedff20999df2af8eb42d56 -> 
========================================================================
Received Prepare
Refreshing native plugins compatible for Editor in 4.22 ms, found 3 plugins.
Preloading 0 native plugins for Editor in 0.00 ms.
Unloading 18 Unused Serialized files (Serialized files now loaded: 0)
System memory in use before: 58.9 MB.
System memory in use after: 59.0 MB.

Unloading 18 unused Assets to reduce memory usage. Loaded Objects now: 3125.
Total: 4.768000 ms (FindLiveObjects: 0.303600 ms CreateObjectMapping: 0.098300 ms MarkObjects: 4.221600 ms  DeleteObjects: 0.143800 ms)

AssetImportParameters requested are different than current active one (requested -> active):
  custom:framework-win-MediaFoundation: 216162199b28c13a410421893ffa2e32 -> 
  custom:video-decoder-ogg-theora: a1e56fd34408186e4bbccfd4996cb3dc -> 
  custom:container-muxer-webm: aa71ff27fc2769a1b78a27578f13a17b -> 
  custom:container-demuxer-webm: 4f35f7cbe854078d1ac9338744f61a02 -> 
  custom:container-demuxer-ogg: 62fdf1f143b41e24485cea50d1cbac27 -> 
  custom:video-encoder-webm-vp8: eb34c28f22e8b96e1ab97ce403110664 -> 
  custom:video-decoder-webm-vp8: 9c59270c3fd7afecdb556c50c9e8de78 -> 
  custom:audio-decoder-ogg-vorbis: bf7c407c2cedff20999df2af8eb42d56 -> 
  custom:audio-encoder-webm-vorbis: bf7c407c2cedff20999df2af8eb42d56 -> 
========================================================================
Received Import Request.
  Time since last request: 1076.195281 seconds.
  path: Assets/Script/RotacionXY.cs
  artifactKey: Guid(ba6265477dfdb1542a3814f67f8f75d4) Importer(815301076,1909f56bfc062723c751e8b465ee728b)
Start importing Assets/Script/RotacionXY.cs using Guid(ba6265477dfdb1542a3814f67f8f75d4) Importer(815301076,1909f56bfc062723c751e8b465ee728b)  -> (artifact id: '812ed3f9a95061a43978f1eccad979b0') in 0.021722 seconds 
  Import took 0.026824 seconds .

========================================================================
Received Import Request.
  Time since last request: 0.043964 seconds.
  path: Assets/Script/RotacionXY.cs
  artifactKey: Guid(ba6265477dfdb1542a3814f67f8f75d4) Importer(815301076,1909f56bfc062723c751e8b465ee728b)
Start importing Assets/Script/RotacionXY.cs using Guid(ba6265477dfdb1542a3814f67f8f75d4) Importer(815301076,1909f56bfc062723c751e8b465ee728b)  -> (artifact id: '812ed3f9a95061a43978f1eccad979b0') in 0.007128 seconds 
  Import took 0.011590 seconds .

========================================================================
Received Import Request.
  Time since last request: 378.486454 seconds.
  path: Assets/Ayudantia/Iconos/sheet_black1x.png
  artifactKey: Guid(81dec7cb69f05ef47a5feb93ca0091d6) Importer(815301076,1909f56bfc062723c751e8b465ee728b)
Start importing Assets/Ayudantia/Iconos/sheet_black1x.png using Guid(81dec7cb69f05ef47a5feb93ca0091d6) Importer(815301076,1909f56bfc062723c751e8b465ee728b)  -> (artifact id: '73c42ba4bc483b9d84667e0219d75d79') in 0.265162 seconds 
  Import took 0.287772 seconds .

========================================================================
Received Import Request.
  Time since last request: 125.390792 seconds.
  path: Assets/Ayudantia/Iconos/sheet_black1x.png
  artifactKey: Guid(81dec7cb69f05ef47a5feb93ca0091d6) Importer(815301076,1909f56bfc062723c751e8b465ee728b)
Start importing Assets/Ayudantia/Iconos/sheet_black1x.png using Guid(81dec7cb69f05ef47a5feb93ca0091d6) Importer(815301076,1909f56bfc062723c751e8b465ee728b)  -> (artifact id: '98d0f856dd7eacd943419340a8aedb88') in 0.728808 seconds 
  Import took 0.739560 seconds .

========================================================================
Received Import Request.
  Time since last request: 18.458212 seconds.
  path: Assets/Ayudantia/Iconos/sheet_black2x.png
  artifactKey: Guid(0357f605ec08bf8419c47b4433087cac) Importer(815301076,1909f56bfc062723c751e8b465ee728b)
Start importing Assets/Ayudantia/Iconos/sheet_black2x.png using Guid(0357f605ec08bf8419c47b4433087cac) Importer(815301076,1909f56bfc062723c751e8b465ee728b)  -> (artifact id: '6ffab5c74f823327c9ff7ef611d7fe7c') in 0.132652 seconds 
  Import took 0.157683 seconds .

========================================================================
Received Import Request.
  Time since last request: 23.909985 seconds.
  path: Assets/Ayudantia/Iconos/sheet_black2x.png
  artifactKey: Guid(0357f605ec08bf8419c47b4433087cac) Importer(815301076,1909f56bfc062723c751e8b465ee728b)
Start importing Assets/Ayudantia/Iconos/sheet_black2x.png using Guid(0357f605ec08bf8419c47b4433087cac) Importer(815301076,1909f56bfc062723c751e8b465ee728b)  -> (artifact id: 'b42ebcb32666c4067e8b214b5e86a92d') in 0.659558 seconds 
  Import took 0.683647 seconds .

========================================================================
Received Import Request.
  Time since last request: 154.572583 seconds.
  path: Assets/Ayudantia/Iconos/sheet_black2x.png
  artifactKey: Guid(0357f605ec08bf8419c47b4433087cac) Importer(815301076,1909f56bfc062723c751e8b465ee728b)
Start importing Assets/Ayudantia/Iconos/sheet_black2x.png using Guid(0357f605ec08bf8419c47b4433087cac) Importer(815301076,1909f56bfc062723c751e8b465ee728b)  -> (artifact id: 'd8999888f1af4adec2700fd7a1739fe8') in 0.481651 seconds 
  Import took 0.499204 seconds .

========================================================================
Received Prepare
Registering precompiled user dll's ...
Registered in 0.034470 seconds.
Begin MonoManager ReloadAssembly
Native extension for WindowsStandalone target not found
Refreshing native plugins compatible for Editor in 0.66 ms, found 3 plugins.
Preloading 0 native plugins for Editor in 0.00 ms.
Mono: successfully reloaded assembly
- Completed reload, in  1.470 seconds
Domain Reload Profiling:
	ReloadAssembly (1471ms)
		BeginReloadAssembly (240ms)
			ExecutionOrderSort (0ms)
			DisableScriptedObjects (9ms)
			BackupInstance (0ms)
			ReleaseScriptingObjects (0ms)
			CreateAndSetChildDomain (105ms)
		EndReloadAssembly (1163ms)
			LoadAssemblies (147ms)
			RebuildTransferFunctionScriptingTraits (0ms)
			SetupTypeCache (335ms)
			ReleaseScriptCaches (1ms)
			RebuildScriptCaches (44ms)
			SetupLoadedEditorAssemblies (480ms)
				LogAssemblyErrors (0ms)
				InitializePlatformSupportModulesInManaged (5ms)
				SetLoadedEditorAssemblies (1ms)
				RefreshPlugins (1ms)
				BeforeProcessingInitializeOnLoad (114ms)
				ProcessInitializeOnLoadAttributes (344ms)
				ProcessInitializeOnLoadMethodAttributes (8ms)
				AfterProcessingInitializeOnLoad (7ms)
				EditorAssembliesLoaded (0ms)
			ExecutionOrderSort2 (0ms)
			AwakeInstancesAfterBackupRestoration (12ms)
Platform modules already initialized, skipping
Switching build target platform(19) subTarget(0) extendedPlatform(0) -> platform(13) subTarget(589824) extendedPlatform(0)
Refreshing native plugins compatible for Editor in 0.67 ms, found 3 plugins.
Preloading 0 native plugins for Editor in 0.00 ms.
Unloading 2358 Unused Serialized files (Serialized files now loaded: 0)
System memory in use before: 108.8 MB.
System memory in use after: 108.2 MB.

Unloading 35 unused Assets to reduce memory usage. Loaded Objects now: 3204.
Total: 4.126000 ms (FindLiveObjects: 0.299300 ms CreateObjectMapping: 0.132800 ms MarkObjects: 3.266400 ms  DeleteObjects: 0.425800 ms)

AssetImportParameters requested are different than current active one (requested -> active):
  custom:framework-win-MediaFoundation: 216162199b28c13a410421893ffa2e32 -> 
  custom:video-decoder-ogg-theora: a1e56fd34408186e4bbccfd4996cb3dc -> 
  custom:container-muxer-webm: aa71ff27fc2769a1b78a27578f13a17b -> 
  custom:container-demuxer-webm: 4f35f7cbe854078d1ac9338744f61a02 -> 
  custom:container-demuxer-ogg: 62fdf1f143b41e24485cea50d1cbac27 -> 
  custom:video-encoder-webm-vp8: eb34c28f22e8b96e1ab97ce403110664 -> 
  custom:video-decoder-webm-vp8: 9c59270c3fd7afecdb556c50c9e8de78 -> 
  custom:graphics/normal-map-encoding: 01000000000000000000000000000000 -> 02000000000000000000000000000000
  custom:audio-decoder-ogg-vorbis: bf7c407c2cedff20999df2af8eb42d56 -> 
  custom:audio-encoder-webm-vorbis: bf7c407c2cedff20999df2af8eb42d56 -> 
========================================================================
Received Prepare
Refreshing native plugins compatible for Editor in 5.24 ms, found 3 plugins.
Preloading 0 native plugins for Editor in 0.00 ms.
Unloading 32 Unused Serialized files (Serialized files now loaded: 0)
System memory in use before: 62.0 MB.
System memory in use after: 61.4 MB.

Unloading 31 unused Assets to reduce memory usage. Loaded Objects now: 3205.
Total: 44.916600 ms (FindLiveObjects: 0.663700 ms CreateObjectMapping: 0.126500 ms MarkObjects: 43.568200 ms  DeleteObjects: 0.556200 ms)

AssetImportParameters requested are different than current active one (requested -> active):
  custom:framework-win-MediaFoundation: 216162199b28c13a410421893ffa2e32 -> 
  custom:video-decoder-ogg-theora: a1e56fd34408186e4bbccfd4996cb3dc -> 
  custom:container-muxer-webm: aa71ff27fc2769a1b78a27578f13a17b -> 
  custom:container-demuxer-webm: 4f35f7cbe854078d1ac9338744f61a02 -> 
  custom:container-demuxer-ogg: 62fdf1f143b41e24485cea50d1cbac27 -> 
  custom:video-encoder-webm-vp8: eb34c28f22e8b96e1ab97ce403110664 -> 
  custom:video-decoder-webm-vp8: 9c59270c3fd7afecdb556c50c9e8de78 -> 
  custom:audio-decoder-ogg-vorbis: bf7c407c2cedff20999df2af8eb42d56 -> 
  custom:audio-encoder-webm-vorbis: bf7c407c2cedff20999df2af8eb42d56 -> 
AssetImportWorkerClient::OnTransportError - code=2 error=End of file
