Using pre-set license
Built from '2020.3/staging' branch; Version is '2020.3.16f1 (049d6eca3c44) revision 302446'; Using compiler version '192528614'; Build Type 'Release'
OS: 'Windows 10 Pro; OS build 19043.1348; Version 2009; 64bit' Language: 'es' Physical Memory: 8098 MB
BatchMode: 1, IsHumanControllingUs: 0, StartBugReporterOnCrash: 0, Is64bit: 1, IsPro: 0

 COMMAND LINE ARGUMENTS:
C:\Users\lenovo\Desktop\Proyecto Program. A\Proyectos\PPA-El-18-main\2020.3.16f1\Editor\Unity.exe
-adb2
-batchMode
-noUpm
-name
AssetImportWorker0
-projectPath
C:/Users/lenovo/Desktop/Proyecto Program. A/Proyectosss/Taller3/Taller3-Proyecto/Taller3
-logFile
Logs/AssetImportWorker0.log
-srvPort
52405
Successfully changed project path to: C:/Users/lenovo/Desktop/Proyecto Program. A/Proyectosss/Taller3/Taller3-Proyecto/Taller3
C:/Users/lenovo/Desktop/Proyecto Program. A/Proyectosss/Taller3/Taller3-Proyecto/Taller3
Using Asset Import Pipeline V2.
Refreshing native plugins compatible for Editor in 68.21 ms, found 3 plugins.
Preloading 0 native plugins for Editor in 0.00 ms.
Initialize engine version: 2020.3.16f1 (049d6eca3c44)
[Subsystems] Discovering subsystems at path C:/Users/lenovo/Desktop/Proyecto Program. A/Proyectos/PPA-El-18-main/2020.3.16f1/Editor/Data/Resources/UnitySubsystems
[Subsystems] Discovering subsystems at path C:/Users/lenovo/Desktop/Proyecto Program. A/Proyectosss/Taller3/Taller3-Proyecto/Taller3/Assets
GfxDevice: creating device client; threaded=0
Direct3D:
    Version:  Direct3D 11.0 [level 11.1]
    Renderer: Intel(R) HD Graphics 530 (ID=0x1912)
    Vendor:   
    VRAM:     4049 MB
    Driver:   27.20.100.8681
Initialize mono
Mono path[0] = 'C:/Users/lenovo/Desktop/Proyecto Program. A/Proyectos/PPA-El-18-main/2020.3.16f1/Editor/Data/Managed'
Mono path[1] = 'C:/Users/lenovo/Desktop/Proyecto Program. A/Proyectos/PPA-El-18-main/2020.3.16f1/Editor/Data/MonoBleedingEdge/lib/mono/unityjit'
Mono config path = 'C:/Users/lenovo/Desktop/Proyecto Program. A/Proyectos/PPA-El-18-main/2020.3.16f1/Editor/Data/MonoBleedingEdge/etc'
Using monoOptions --debugger-agent=transport=dt_socket,embedding=1,server=y,suspend=n,address=127.0.0.1:56156
Begin MonoManager ReloadAssembly
Registering precompiled unity dll's ...
Register platform support module: C:/Users/lenovo/Desktop/Proyecto Program. A/Proyectos/PPA-El-18-main/2020.3.16f1/Editor/Data/PlaybackEngines/WindowsStandaloneSupport/UnityEditor.WindowsStandalone.Extensions.dll
Registered in 0.002186 seconds.
Native extension for WindowsStandalone target not found
Refreshing native plugins compatible for Editor in 54.34 ms, found 3 plugins.
Preloading 0 native plugins for Editor in 0.00 ms.
Mono: successfully reloaded assembly
- Completed reload, in  2.628 seconds
Domain Reload Profiling:
	ReloadAssembly (2628ms)
		BeginReloadAssembly (63ms)
			ExecutionOrderSort (0ms)
			DisableScriptedObjects (0ms)
			BackupInstance (0ms)
			ReleaseScriptingObjects (0ms)
			CreateAndSetChildDomain (1ms)
		EndReloadAssembly (495ms)
			LoadAssemblies (61ms)
			RebuildTransferFunctionScriptingTraits (0ms)
			SetupTypeCache (179ms)
			ReleaseScriptCaches (0ms)
			RebuildScriptCaches (34ms)
			SetupLoadedEditorAssemblies (185ms)
				LogAssemblyErrors (0ms)
				InitializePlatformSupportModulesInManaged (4ms)
				SetLoadedEditorAssemblies (0ms)
				RefreshPlugins (54ms)
				BeforeProcessingInitializeOnLoad (13ms)
				ProcessInitializeOnLoadAttributes (83ms)
				ProcessInitializeOnLoadMethodAttributes (29ms)
				AfterProcessingInitializeOnLoad (0ms)
				EditorAssembliesLoaded (0ms)
			ExecutionOrderSort2 (0ms)
			AwakeInstancesAfterBackupRestoration (0ms)
Platform modules already initialized, skipping
Registering precompiled user dll's ...
Registered in 0.005088 seconds.
Begin MonoManager ReloadAssembly
Native extension for WindowsStandalone target not found
Refreshing native plugins compatible for Editor in 68.51 ms, found 3 plugins.
Preloading 0 native plugins for Editor in 0.00 ms.
Mono: successfully reloaded assembly
- Completed reload, in  1.870 seconds
Domain Reload Profiling:
	ReloadAssembly (1872ms)
		BeginReloadAssembly (157ms)
			ExecutionOrderSort (0ms)
			DisableScriptedObjects (5ms)
			BackupInstance (0ms)
			ReleaseScriptingObjects (0ms)
			CreateAndSetChildDomain (24ms)
		EndReloadAssembly (1642ms)
			LoadAssemblies (107ms)
			RebuildTransferFunctionScriptingTraits (0ms)
			SetupTypeCache (339ms)
			ReleaseScriptCaches (1ms)
			RebuildScriptCaches (57ms)
			SetupLoadedEditorAssemblies (979ms)
				LogAssemblyErrors (0ms)
				InitializePlatformSupportModulesInManaged (6ms)
				SetLoadedEditorAssemblies (0ms)
				RefreshPlugins (69ms)
				BeforeProcessingInitializeOnLoad (137ms)
				ProcessInitializeOnLoadAttributes (749ms)
				ProcessInitializeOnLoadMethodAttributes (11ms)
				AfterProcessingInitializeOnLoad (7ms)
				EditorAssembliesLoaded (0ms)
			ExecutionOrderSort2 (0ms)
			AwakeInstancesAfterBackupRestoration (10ms)
Platform modules already initialized, skipping
========================================================================
Worker process is ready to serve import requests
Launched and connected shader compiler UnityShaderCompiler.exe after 0.10 seconds
Refreshing native plugins compatible for Editor in 0.72 ms, found 3 plugins.
Preloading 0 native plugins for Editor in 0.00 ms.
Unloading 2370 Unused Serialized files (Serialized files now loaded: 0)
System memory in use before: 104.4 MB.
System memory in use after: 104.6 MB.

Unloading 25 unused Assets to reduce memory usage. Loaded Objects now: 2802.
Total: 4.016500 ms (FindLiveObjects: 0.267500 ms CreateObjectMapping: 0.113600 ms MarkObjects: 3.519200 ms  DeleteObjects: 0.115200 ms)

AssetImportParameters requested are different than current active one (requested -> active):
  custom:framework-win-MediaFoundation: 216162199b28c13a410421893ffa2e32 -> 
  custom:video-decoder-ogg-theora: a1e56fd34408186e4bbccfd4996cb3dc -> 
  custom:container-muxer-webm: aa71ff27fc2769a1b78a27578f13a17b -> 
  custom:container-demuxer-webm: 4f35f7cbe854078d1ac9338744f61a02 -> 
  custom:container-demuxer-ogg: 62fdf1f143b41e24485cea50d1cbac27 -> 
  custom:video-encoder-webm-vp8: eb34c28f22e8b96e1ab97ce403110664 -> 
  custom:video-decoder-webm-vp8: 9c59270c3fd7afecdb556c50c9e8de78 -> 
  custom:audio-decoder-ogg-vorbis: bf7c407c2cedff20999df2af8eb42d56 -> 
  custom:audio-encoder-webm-vorbis: bf7c407c2cedff20999df2af8eb42d56 -> 
========================================================================
Received Import Request.
  path: Assets/Scenes/XR.unity
  artifactKey: Guid(9fc0d4010bbf28b4594072e72b8655ab) Importer(815301076,1909f56bfc062723c751e8b465ee728b)
Start importing Assets/Scenes/XR.unity using Guid(9fc0d4010bbf28b4594072e72b8655ab) Importer(815301076,1909f56bfc062723c751e8b465ee728b)  -> (artifact id: '70dc054356d513434d5704d615c3ad70') in 0.059108 seconds 
  Import took 0.115318 seconds .

========================================================================
Received Import Request.
  Time since last request: 7.237243 seconds.
  path: Assets/Materiales/New Material.mat
  artifactKey: Guid(5e85dcd36a1f7ef418b955d86e385dfc) Importer(815301076,1909f56bfc062723c751e8b465ee728b)
Start importing Assets/Materiales/New Material.mat using Guid(5e85dcd36a1f7ef418b955d86e385dfc) Importer(815301076,1909f56bfc062723c751e8b465ee728b)  -> (artifact id: '6ef271621986bf3504e71cda3ef45e45') in 0.672851 seconds 
  Import took 0.695862 seconds .

========================================================================
Received Import Request.
  Time since last request: 9.573681 seconds.
  path: Assets/Ayudantia/Iconos_Modelos/ground_pathBendBank.png
  artifactKey: Guid(a533f747f192ecf40bba6a6ef00fa77e) Importer(815301076,1909f56bfc062723c751e8b465ee728b)
Start importing Assets/Ayudantia/Iconos_Modelos/ground_pathBendBank.png using Guid(a533f747f192ecf40bba6a6ef00fa77e) Importer(815301076,1909f56bfc062723c751e8b465ee728b)  -> (artifact id: 'de77a423b82827d62a4fc9d7c0ffb3f2') in 0.422969 seconds 
  Import took 0.449363 seconds .

========================================================================
Received Import Request.
  Time since last request: 0.000579 seconds.
  path: Assets/Ayudantia/Iconos_Modelos/ground_pathRocks.png
  artifactKey: Guid(470ec6ed56db5a741984e605f2432629) Importer(815301076,1909f56bfc062723c751e8b465ee728b)
Start importing Assets/Ayudantia/Iconos_Modelos/ground_pathRocks.png using Guid(470ec6ed56db5a741984e605f2432629) Importer(815301076,1909f56bfc062723c751e8b465ee728b)  -> (artifact id: '84c9306adb7170a6944b167a8e496bdc') in 0.055470 seconds 
  Import took 0.160010 seconds .

========================================================================
Received Import Request.
  Time since last request: 0.000438 seconds.
  path: Assets/Ayudantia/Iconos_Modelos/ground_riverSideOpen.png
  artifactKey: Guid(412707903f323f6458460371f91a7dca) Importer(815301076,1909f56bfc062723c751e8b465ee728b)
Start importing Assets/Ayudantia/Iconos_Modelos/ground_riverSideOpen.png using Guid(412707903f323f6458460371f91a7dca) Importer(815301076,1909f56bfc062723c751e8b465ee728b)  -> (artifact id: 'c92a5d1ef15400dc2bd5e385c669f925') in 0.060866 seconds 
  Import took 0.083341 seconds .

========================================================================
Received Import Request.
  Time since last request: 0.000424 seconds.
  path: Assets/Ayudantia/Iconos_Modelos/path_woodEnd.png
  artifactKey: Guid(26a146748ff0dd1458d2feeee49b6ebe) Importer(815301076,1909f56bfc062723c751e8b465ee728b)
Start importing Assets/Ayudantia/Iconos_Modelos/path_woodEnd.png using Guid(26a146748ff0dd1458d2feeee49b6ebe) Importer(815301076,1909f56bfc062723c751e8b465ee728b)  -> (artifact id: '4bbeb7077dbc71ff44bd7c8764f358fb') in 0.068608 seconds 
  Import took 0.097697 seconds .

========================================================================
Received Import Request.
  Time since last request: 0.000359 seconds.
  path: Assets/Ayudantia/Iconos_Modelos/ground_pathTile.png
  artifactKey: Guid(8f6f698b29f20eb4aaa9e1d8db6cf6eb) Importer(815301076,1909f56bfc062723c751e8b465ee728b)
Start importing Assets/Ayudantia/Iconos_Modelos/ground_pathTile.png using Guid(8f6f698b29f20eb4aaa9e1d8db6cf6eb) Importer(815301076,1909f56bfc062723c751e8b465ee728b)  -> (artifact id: '85fb983de6c44cbcc355f9df5dcf8a3a') in 0.063275 seconds 
  Import took 0.067548 seconds .

========================================================================
Received Import Request.
  Time since last request: 0.000387 seconds.
  path: Assets/Ayudantia/Iconos_Modelos/ground_riverBendBank.png
  artifactKey: Guid(ebedb6ddbae55114ab7249debcd9a5c5) Importer(815301076,1909f56bfc062723c751e8b465ee728b)
Start importing Assets/Ayudantia/Iconos_Modelos/ground_riverBendBank.png using Guid(ebedb6ddbae55114ab7249debcd9a5c5) Importer(815301076,1909f56bfc062723c751e8b465ee728b)  -> (artifact id: '2d2193d36588429a1134b7475120c092') in 0.048395 seconds 
  Import took 0.067990 seconds .

========================================================================
Received Import Request.
  Time since last request: 0.000488 seconds.
  path: Assets/Ayudantia/Iconos_Modelos/ground_pathCross.png
  artifactKey: Guid(d766ba171a89d684bbda4d70b40da69d) Importer(815301076,1909f56bfc062723c751e8b465ee728b)
Start importing Assets/Ayudantia/Iconos_Modelos/ground_pathCross.png using Guid(d766ba171a89d684bbda4d70b40da69d) Importer(815301076,1909f56bfc062723c751e8b465ee728b)  -> (artifact id: '928b59ff72ab3f66a424e23479ef6372') in 0.050714 seconds 
  Import took 0.057267 seconds .

========================================================================
Received Import Request.
  Time since last request: 0.000401 seconds.
  path: Assets/Ayudantia/Iconos_Modelos/ground_riverCorner.png
  artifactKey: Guid(f7197140a2a3ec44cbd7e8c751b1ffef) Importer(815301076,1909f56bfc062723c751e8b465ee728b)
Start importing Assets/Ayudantia/Iconos_Modelos/ground_riverCorner.png using Guid(f7197140a2a3ec44cbd7e8c751b1ffef) Importer(815301076,1909f56bfc062723c751e8b465ee728b)  -> (artifact id: '23ea9dc56e392f3b87d76d95af45fbaf') in 0.046350 seconds 
  Import took 0.062553 seconds .

========================================================================
Received Import Request.
  Time since last request: 0.000371 seconds.
  path: Assets/Ayudantia/Iconos_Modelos/mushroom_redGroup.png
  artifactKey: Guid(98f0a8558b7016c469a439cf7041187d) Importer(815301076,1909f56bfc062723c751e8b465ee728b)
Start importing Assets/Ayudantia/Iconos_Modelos/mushroom_redGroup.png using Guid(98f0a8558b7016c469a439cf7041187d) Importer(815301076,1909f56bfc062723c751e8b465ee728b)  -> (artifact id: '7aa247164637bfd852a095e8401f5ea9') in 0.055432 seconds 
  Import took 0.060362 seconds .

========================================================================
Received Import Request.
  Time since last request: 0.000309 seconds.
  path: Assets/Ayudantia/Iconos_Modelos/ground_pathEnd.png
  artifactKey: Guid(e77a0b3c90fa7a64b8e0a9a0205ffa65) Importer(815301076,1909f56bfc062723c751e8b465ee728b)
Start importing Assets/Ayudantia/Iconos_Modelos/ground_pathEnd.png using Guid(e77a0b3c90fa7a64b8e0a9a0205ffa65) Importer(815301076,1909f56bfc062723c751e8b465ee728b)  -> (artifact id: 'b0115b9f69cb4d0894f5ca3f24d130a2') in 0.059171 seconds 
  Import took 0.087381 seconds .

========================================================================
Received Import Request.
  Time since last request: 0.000368 seconds.
  path: Assets/Ayudantia/Iconos_Modelos/path_wood.png
  artifactKey: Guid(c0ccbdf2837e5ae4183e551989a087d8) Importer(815301076,1909f56bfc062723c751e8b465ee728b)
Start importing Assets/Ayudantia/Iconos_Modelos/path_wood.png using Guid(c0ccbdf2837e5ae4183e551989a087d8) Importer(815301076,1909f56bfc062723c751e8b465ee728b)  -> (artifact id: '1d07f3422b07fd35fa0c90c5a4deaaad') in 0.060494 seconds 
  Import took 0.081645 seconds .

========================================================================
Received Import Request.
  Time since last request: 0.000322 seconds.
  path: Assets/Ayudantia/Iconos_Modelos/log_large.png
  artifactKey: Guid(422dd2fd3cc2a174fa3b442c88db0731) Importer(815301076,1909f56bfc062723c751e8b465ee728b)
Start importing Assets/Ayudantia/Iconos_Modelos/log_large.png using Guid(422dd2fd3cc2a174fa3b442c88db0731) Importer(815301076,1909f56bfc062723c751e8b465ee728b)  -> (artifact id: '5fcbf10ae8f144e741419c5955b4bebe') in 0.052389 seconds 
  Import took 0.072248 seconds .

========================================================================
Received Import Request.
  Time since last request: 0.000273 seconds.
  path: Assets/Ayudantia/Iconos_Modelos/ground_pathEndClosed.png
  artifactKey: Guid(b8298c86c3472b74e9bf404cb46d71cb) Importer(815301076,1909f56bfc062723c751e8b465ee728b)
Start importing Assets/Ayudantia/Iconos_Modelos/ground_pathEndClosed.png using Guid(b8298c86c3472b74e9bf404cb46d71cb) Importer(815301076,1909f56bfc062723c751e8b465ee728b)  -> (artifact id: '42d2528a333870b134c5ccfff27b38f0') in 0.034553 seconds 
  Import took 0.049094 seconds .

========================================================================
Received Import Request.
  Time since last request: 0.000484 seconds.
  path: Assets/Ayudantia/Iconos_Modelos/ground_riverStraight.png
  artifactKey: Guid(485e42191501d45498727ef13ba626ed) Importer(815301076,1909f56bfc062723c751e8b465ee728b)
Start importing Assets/Ayudantia/Iconos_Modelos/ground_riverStraight.png using Guid(485e42191501d45498727ef13ba626ed) Importer(815301076,1909f56bfc062723c751e8b465ee728b)  -> (artifact id: 'bf15812e94ae48f23d6c2e89bfaf845d') in 0.067794 seconds 
  Import took 0.092274 seconds .

========================================================================
Received Import Request.
  Time since last request: 0.000406 seconds.
  path: Assets/Ayudantia/Iconos_Modelos/hanging_moss.png
  artifactKey: Guid(5f8eaa71bb2035a4a9f6f879c38411db) Importer(815301076,1909f56bfc062723c751e8b465ee728b)
Start importing Assets/Ayudantia/Iconos_Modelos/hanging_moss.png using Guid(5f8eaa71bb2035a4a9f6f879c38411db) Importer(815301076,1909f56bfc062723c751e8b465ee728b)  -> (artifact id: '972e46d468e72c30047bcc22c8f3e810') in 0.041471 seconds 
  Import took 0.051792 seconds .

========================================================================
Received Import Request.
  Time since last request: 0.000910 seconds.
  path: Assets/Ayudantia/Iconos_Modelos/mushroom_tanTall.png
  artifactKey: Guid(951d1d605b0eb2344a7ac526aa534777) Importer(815301076,1909f56bfc062723c751e8b465ee728b)
Start importing Assets/Ayudantia/Iconos_Modelos/mushroom_tanTall.png using Guid(951d1d605b0eb2344a7ac526aa534777) Importer(815301076,1909f56bfc062723c751e8b465ee728b)  -> (artifact id: '5287c31e64f8de3cf2f99e070b32ea61') in 0.058160 seconds 
  Import took 0.085905 seconds .

========================================================================
Received Import Request.
  Time since last request: 0.000320 seconds.
  path: Assets/Ayudantia/Iconos_Modelos/lily_small.png
  artifactKey: Guid(7c7e7e330a08682449507713760bd77f) Importer(815301076,1909f56bfc062723c751e8b465ee728b)
Start importing Assets/Ayudantia/Iconos_Modelos/lily_small.png using Guid(7c7e7e330a08682449507713760bd77f) Importer(815301076,1909f56bfc062723c751e8b465ee728b)  -> (artifact id: 'f3f8926d24a3ba0ce357de0a6763db2b') in 0.051502 seconds 
  Import took 0.079096 seconds .

========================================================================
Received Import Request.
  Time since last request: 0.000259 seconds.
  path: Assets/Ayudantia/Iconos_Modelos/path_woodCorner.png
  artifactKey: Guid(a59e1d94ff653064f8fc6670981740a3) Importer(815301076,1909f56bfc062723c751e8b465ee728b)
Start importing Assets/Ayudantia/Iconos_Modelos/path_woodCorner.png using Guid(a59e1d94ff653064f8fc6670981740a3) Importer(815301076,1909f56bfc062723c751e8b465ee728b)  -> (artifact id: 'a315547f3b83028fae1e46fe717d3b52') in 0.061845 seconds 
  Import took 0.075174 seconds .

========================================================================
Received Import Request.
  Time since last request: 0.000458 seconds.
  path: Assets/Ayudantia/Iconos_Modelos/ground_riverBend.png
  artifactKey: Guid(6a0b611673d384b428671a978c3cb29c) Importer(815301076,1909f56bfc062723c751e8b465ee728b)
Start importing Assets/Ayudantia/Iconos_Modelos/ground_riverBend.png using Guid(6a0b611673d384b428671a978c3cb29c) Importer(815301076,1909f56bfc062723c751e8b465ee728b)  -> (artifact id: '286861d6ab9f8d53bb915b692ee900d5') in 0.037996 seconds 
  Import took 0.062112 seconds .

========================================================================
Received Import Request.
  Time since last request: 0.000307 seconds.
  path: Assets/Ayudantia/Iconos_Modelos/ground_riverEndClosed.png
  artifactKey: Guid(13c77802387dd2544ba9edcad5d5e459) Importer(815301076,1909f56bfc062723c751e8b465ee728b)
Start importing Assets/Ayudantia/Iconos_Modelos/ground_riverEndClosed.png using Guid(13c77802387dd2544ba9edcad5d5e459) Importer(815301076,1909f56bfc062723c751e8b465ee728b)  -> (artifact id: '7222be12f9c8c8bba69fb621b438526c') in 0.071916 seconds 
  Import took 0.111297 seconds .

========================================================================
Received Import Request.
  Time since last request: 0.000435 seconds.
  path: Assets/Ayudantia/Iconos_Modelos/ground_pathCorner.png
  artifactKey: Guid(35805a437a76ec0498294f175ab7e939) Importer(815301076,1909f56bfc062723c751e8b465ee728b)
Start importing Assets/Ayudantia/Iconos_Modelos/ground_pathCorner.png using Guid(35805a437a76ec0498294f175ab7e939) Importer(815301076,1909f56bfc062723c751e8b465ee728b)  -> (artifact id: 'cc23008678fcac1bf8c82bc7cb72b24a') in 0.060186 seconds 
  Import took 0.065521 seconds .

========================================================================
Received Import Request.
  Time since last request: 0.000373 seconds.
  path: Assets/Ayudantia/Iconos_Modelos/ground_pathStraight.png
  artifactKey: Guid(3e0ad862d7526504cb982ecb2a987168) Importer(815301076,1909f56bfc062723c751e8b465ee728b)
Start importing Assets/Ayudantia/Iconos_Modelos/ground_pathStraight.png using Guid(3e0ad862d7526504cb982ecb2a987168) Importer(815301076,1909f56bfc062723c751e8b465ee728b)  -> (artifact id: '701cdf78c320339c59bbc3faa6623f3c') in 0.052670 seconds 
  Import took 0.057776 seconds .

========================================================================
Received Import Request.
  Time since last request: 0.000422 seconds.
  path: Assets/Ayudantia/Iconos_Modelos/lily_large.png
  artifactKey: Guid(1d6561618053a3f418768530253a6518) Importer(815301076,1909f56bfc062723c751e8b465ee728b)
Start importing Assets/Ayudantia/Iconos_Modelos/lily_large.png using Guid(1d6561618053a3f418768530253a6518) Importer(815301076,1909f56bfc062723c751e8b465ee728b)  -> (artifact id: '838ea29510042d5abda655a2beacc1e4') in 0.052988 seconds 
  Import took 0.129516 seconds .

========================================================================
Received Import Request.
  Time since last request: 0.000372 seconds.
  path: Assets/Ayudantia/Iconos_Modelos/ground_riverCross.png
  artifactKey: Guid(2903c3afa45ef9341bf13e1c30655a81) Importer(815301076,1909f56bfc062723c751e8b465ee728b)
Start importing Assets/Ayudantia/Iconos_Modelos/ground_riverCross.png using Guid(2903c3afa45ef9341bf13e1c30655a81) Importer(815301076,1909f56bfc062723c751e8b465ee728b)  -> (artifact id: '1304db3aa53d59263162c60afa9ce990') in 0.113593 seconds 
  Import took 0.133958 seconds .

========================================================================
Received Import Request.
  Time since last request: 0.000472 seconds.
  path: Assets/Ayudantia/Iconos_Modelos/mushroom_redTall.png
  artifactKey: Guid(4defbb26560ee9f4d9ff3662b39211b9) Importer(815301076,1909f56bfc062723c751e8b465ee728b)
Start importing Assets/Ayudantia/Iconos_Modelos/mushroom_redTall.png using Guid(4defbb26560ee9f4d9ff3662b39211b9) Importer(815301076,1909f56bfc062723c751e8b465ee728b)  -> (artifact id: '7ae07f36a7d18bf26627371fb9a84e17') in 0.058578 seconds 
  Import took 0.063414 seconds .

========================================================================
Received Import Request.
  Time since last request: 0.000307 seconds.
  path: Assets/Ayudantia/Iconos_Modelos/path_stoneEnd.png
  artifactKey: Guid(c85331ae0cd80ac4cbd1ccb9781c18c5) Importer(815301076,1909f56bfc062723c751e8b465ee728b)
Start importing Assets/Ayudantia/Iconos_Modelos/path_stoneEnd.png using Guid(c85331ae0cd80ac4cbd1ccb9781c18c5) Importer(815301076,1909f56bfc062723c751e8b465ee728b)  -> (artifact id: '9143a17f7a4a02b13f2ae7d23c0299ab') in 0.071164 seconds 
  Import took 0.129033 seconds .

========================================================================
Received Import Request.
  Time since last request: 0.000393 seconds.
  path: Assets/Ayudantia/Iconos_Modelos/ground_riverTile.png
  artifactKey: Guid(9d2ca4bd92f34fe469d3bb8ffb4ab8ce) Importer(815301076,1909f56bfc062723c751e8b465ee728b)
Start importing Assets/Ayudantia/Iconos_Modelos/ground_riverTile.png using Guid(9d2ca4bd92f34fe469d3bb8ffb4ab8ce) Importer(815301076,1909f56bfc062723c751e8b465ee728b)  -> (artifact id: '70b6b872b6298584f5e43a92d8044226') in 0.065726 seconds 
  Import took 0.072207 seconds .

========================================================================
Received Import Request.
  Time since last request: 0.000382 seconds.
  path: Assets/Ayudantia/Iconos_Modelos/path_stoneCircle.png
  artifactKey: Guid(5be2cf0601afbdb4ba49b103edfd0dc7) Importer(815301076,1909f56bfc062723c751e8b465ee728b)
Start importing Assets/Ayudantia/Iconos_Modelos/path_stoneCircle.png using Guid(5be2cf0601afbdb4ba49b103edfd0dc7) Importer(815301076,1909f56bfc062723c751e8b465ee728b)  -> (artifact id: '8fcc72fa7e8d294cb42992237cc627d8') in 0.054326 seconds 
  Import took 0.075552 seconds .

========================================================================
Received Import Request.
  Time since last request: 0.000365 seconds.
  path: Assets/Ayudantia/Iconos_Modelos/path_stone.png
  artifactKey: Guid(7c04e0b13865263428d7b59232026142) Importer(815301076,1909f56bfc062723c751e8b465ee728b)
Start importing Assets/Ayudantia/Iconos_Modelos/path_stone.png using Guid(7c04e0b13865263428d7b59232026142) Importer(815301076,1909f56bfc062723c751e8b465ee728b)  -> (artifact id: '6badfc07d4e7c03f12d8eb6dd161e35d') in 0.061446 seconds 
  Import took 0.107030 seconds .

========================================================================
Received Import Request.
  Time since last request: 0.000472 seconds.
  path: Assets/Ayudantia/Iconos_Modelos/log_stackLarge.png
  artifactKey: Guid(d73db16e02880d24184f29dd58865d81) Importer(815301076,1909f56bfc062723c751e8b465ee728b)
Start importing Assets/Ayudantia/Iconos_Modelos/log_stackLarge.png using Guid(d73db16e02880d24184f29dd58865d81) Importer(815301076,1909f56bfc062723c751e8b465ee728b)  -> (artifact id: '0911a5885518f335cf28a165f2ae4119') in 0.057914 seconds 
  Import took 0.080664 seconds .

========================================================================
Received Import Request.
  Time since last request: 0.000508 seconds.
  path: Assets/Ayudantia/Iconos_Modelos/mushroom_tan.png
  artifactKey: Guid(8be7cb4f7fa629d4d93dc862045c4cc6) Importer(815301076,1909f56bfc062723c751e8b465ee728b)
Start importing Assets/Ayudantia/Iconos_Modelos/mushroom_tan.png using Guid(8be7cb4f7fa629d4d93dc862045c4cc6) Importer(815301076,1909f56bfc062723c751e8b465ee728b)  -> (artifact id: '61a2864ff8c6a58eb220a23c4d4b5082') in 0.062257 seconds 
  Import took 0.106964 seconds .

========================================================================
Received Import Request.
  Time since last request: 0.000403 seconds.
  path: Assets/Ayudantia/Iconos_Modelos/log.png
  artifactKey: Guid(1f2c793e7ade00b45a5d80e3e31838ed) Importer(815301076,1909f56bfc062723c751e8b465ee728b)
Start importing Assets/Ayudantia/Iconos_Modelos/log.png using Guid(1f2c793e7ade00b45a5d80e3e31838ed) Importer(815301076,1909f56bfc062723c751e8b465ee728b)  -> (artifact id: '8aad39b9ed7bdfeb462a1de685f8436e') in 0.060125 seconds 
  Import took 0.086155 seconds .

========================================================================
Received Import Request.
  Time since last request: 0.000293 seconds.
  path: Assets/Ayudantia/Iconos_Modelos/ground_pathSideOpen.png
  artifactKey: Guid(3b9bbf901d4c79c42a247f2704341ac1) Importer(815301076,1909f56bfc062723c751e8b465ee728b)
Start importing Assets/Ayudantia/Iconos_Modelos/ground_pathSideOpen.png using Guid(3b9bbf901d4c79c42a247f2704341ac1) Importer(815301076,1909f56bfc062723c751e8b465ee728b)  -> (artifact id: '05c34b6d23530f47c9d375f8fba774b8') in 0.078463 seconds 
  Import took 0.082215 seconds .

========================================================================
Received Import Request.
  Time since last request: 0.000378 seconds.
  path: Assets/Ayudantia/Iconos_Modelos/ground_pathSplit.png
  artifactKey: Guid(369805cfa5090b24f8ed154eb47775e7) Importer(815301076,1909f56bfc062723c751e8b465ee728b)
Start importing Assets/Ayudantia/Iconos_Modelos/ground_pathSplit.png using Guid(369805cfa5090b24f8ed154eb47775e7) Importer(815301076,1909f56bfc062723c751e8b465ee728b)  -> (artifact id: '077af63c40190d3621cbe1ca600f8773') in 0.076730 seconds 
  Import took 0.124358 seconds .

========================================================================
Received Import Request.
  Time since last request: 0.000427 seconds.
  path: Assets/Ayudantia/Iconos_Modelos/ground_riverSplit.png
  artifactKey: Guid(8097408bc841b734a846332cb369cf6d) Importer(815301076,1909f56bfc062723c751e8b465ee728b)
Start importing Assets/Ayudantia/Iconos_Modelos/ground_riverSplit.png using Guid(8097408bc841b734a846332cb369cf6d) Importer(815301076,1909f56bfc062723c751e8b465ee728b)  -> (artifact id: 'c8d47269e68a8674cc845ccbeeb1f0c5') in 0.066611 seconds 
  Import took 0.072725 seconds .

========================================================================
Received Import Request.
  Time since last request: 0.000404 seconds.
  path: Assets/Ayudantia/Iconos_Modelos/ground_riverEnd.png
  artifactKey: Guid(49a3e3c8a6c6fbb4e8585d3edcdb9c94) Importer(815301076,1909f56bfc062723c751e8b465ee728b)
Start importing Assets/Ayudantia/Iconos_Modelos/ground_riverEnd.png using Guid(49a3e3c8a6c6fbb4e8585d3edcdb9c94) Importer(815301076,1909f56bfc062723c751e8b465ee728b)  -> (artifact id: '73c1b55301866250e2c6bb0fae4bfd8b') in 0.049374 seconds 
  Import took 0.069011 seconds .

========================================================================
Received Import Request.
  Time since last request: 0.000427 seconds.
  path: Assets/Ayudantia/Iconos_Modelos/ground_riverRocks.png
  artifactKey: Guid(7cc0434e1adfca24fa5706220b455221) Importer(815301076,1909f56bfc062723c751e8b465ee728b)
Start importing Assets/Ayudantia/Iconos_Modelos/ground_riverRocks.png using Guid(7cc0434e1adfca24fa5706220b455221) Importer(815301076,1909f56bfc062723c751e8b465ee728b)  -> (artifact id: '63c9b9b26a3d63585f475972e24767ec') in 0.095136 seconds 
  Import took 0.108331 seconds .

========================================================================
Received Import Request.
  Time since last request: 0.000406 seconds.
  path: Assets/Ayudantia/Iconos_Modelos/ground_riverEnd.png
  artifactKey: Guid(49a3e3c8a6c6fbb4e8585d3edcdb9c94) Importer(815301076,1909f56bfc062723c751e8b465ee728b)
Start importing Assets/Ayudantia/Iconos_Modelos/ground_riverEnd.png using Guid(49a3e3c8a6c6fbb4e8585d3edcdb9c94) Importer(815301076,1909f56bfc062723c751e8b465ee728b)  -> (artifact id: '73c1b55301866250e2c6bb0fae4bfd8b') in 0.022621 seconds 
  Import took 0.027163 seconds .

========================================================================
Received Import Request.
  Time since last request: 0.000716 seconds.
  path: Assets/Ayudantia/Iconos_Modelos/mushroom_red.png
  artifactKey: Guid(e7430f1df54f08546ac74a1eb3075aae) Importer(815301076,1909f56bfc062723c751e8b465ee728b)
Start importing Assets/Ayudantia/Iconos_Modelos/mushroom_red.png using Guid(e7430f1df54f08546ac74a1eb3075aae) Importer(815301076,1909f56bfc062723c751e8b465ee728b)  -> (artifact id: '80c2d0227970e9e8f825fe24ff992a16') in 0.066801 seconds 
  Import took 0.135182 seconds .

========================================================================
Received Import Request.
  Time since last request: 0.000397 seconds.
  path: Assets/Ayudantia/Iconos_Modelos/mushroom_tanGroup.png
  artifactKey: Guid(331aff55e5a715a429b452eac5ea6365) Importer(815301076,1909f56bfc062723c751e8b465ee728b)
Start importing Assets/Ayudantia/Iconos_Modelos/mushroom_tanGroup.png using Guid(331aff55e5a715a429b452eac5ea6365) Importer(815301076,1909f56bfc062723c751e8b465ee728b)  -> (artifact id: '492fdbbf64a7f04f882353d0c3b1986d') in 0.066947 seconds 
  Import took 0.118260 seconds .

========================================================================
Received Import Request.
  Time since last request: 0.000545 seconds.
  path: Assets/Ayudantia/Iconos_Modelos/path_stoneCorner.png
  artifactKey: Guid(a4ba6db96ccb68a4f820c64979ae46f0) Importer(815301076,1909f56bfc062723c751e8b465ee728b)
Start importing Assets/Ayudantia/Iconos_Modelos/path_stoneCorner.png using Guid(a4ba6db96ccb68a4f820c64979ae46f0) Importer(815301076,1909f56bfc062723c751e8b465ee728b)  -> (artifact id: '6ff54b8405ead784ab221784d9ff0971') in 0.051641 seconds 
  Import took 0.073379 seconds .

========================================================================
Received Import Request.
  Time since last request: 0.000379 seconds.
  path: Assets/Ayudantia/Iconos_Modelos/log_stack.png
  artifactKey: Guid(6a71b49f6507c8041a71ae79c55a144e) Importer(815301076,1909f56bfc062723c751e8b465ee728b)
Start importing Assets/Ayudantia/Iconos_Modelos/log_stack.png using Guid(6a71b49f6507c8041a71ae79c55a144e) Importer(815301076,1909f56bfc062723c751e8b465ee728b)  -> (artifact id: 'f96044b27f5b8ac8f3d9bcce770d2740') in 0.079549 seconds 
  Import took 0.129581 seconds .

========================================================================
Received Prepare
Refreshing native plugins compatible for Editor in 5.03 ms, found 3 plugins.
Preloading 0 native plugins for Editor in 0.00 ms.
Unloading 15 Unused Serialized files (Serialized files now loaded: 0)
System memory in use before: 58.8 MB.
System memory in use after: 59.0 MB.

Unloading 14 unused Assets to reduce memory usage. Loaded Objects now: 2853.
Total: 4.755600 ms (FindLiveObjects: 0.256300 ms CreateObjectMapping: 0.126900 ms MarkObjects: 4.334200 ms  DeleteObjects: 0.036600 ms)

AssetImportParameters requested are different than current active one (requested -> active):
  custom:framework-win-MediaFoundation: 216162199b28c13a410421893ffa2e32 -> 
  custom:video-decoder-ogg-theora: a1e56fd34408186e4bbccfd4996cb3dc -> 
  custom:container-muxer-webm: aa71ff27fc2769a1b78a27578f13a17b -> 
  custom:container-demuxer-webm: 4f35f7cbe854078d1ac9338744f61a02 -> 
  custom:container-demuxer-ogg: 62fdf1f143b41e24485cea50d1cbac27 -> 
  custom:video-encoder-webm-vp8: eb34c28f22e8b96e1ab97ce403110664 -> 
  custom:video-decoder-webm-vp8: 9c59270c3fd7afecdb556c50c9e8de78 -> 
  custom:audio-decoder-ogg-vorbis: bf7c407c2cedff20999df2af8eb42d56 -> 
  custom:audio-encoder-webm-vorbis: bf7c407c2cedff20999df2af8eb42d56 -> 
AssetImportWorkerClient::OnTransportError - code=2 error=End of file
